  [1m[35m (378.0ms)[0m  [1m[35mCREATE DATABASE "Auth-App_development" ENCODING = 'unicode'[0m
  ↳ /home/shahriar/.rvm/rubies/ruby-2.6.0/lib/ruby/gems/2.6.0/gems/rake-12.3.2/lib/rake/task.rb:273
  [1m[35m (232.6ms)[0m  [1m[35mCREATE DATABASE "Auth-App_test" ENCODING = 'unicode'[0m
  ↳ /home/shahriar/.rvm/rubies/ruby-2.6.0/lib/ruby/gems/2.6.0/gems/rake-12.3.2/lib/rake/task.rb:273
  [1m[35m (10.7ms)[0m  [1m[35mCREATE TABLE "schema_migrations" ("version" character varying NOT NULL PRIMARY KEY)[0m
  ↳ /home/shahriar/.rvm/rubies/ruby-2.6.0/lib/ruby/gems/2.6.0/gems/rake-12.3.2/lib/rake/task.rb:273
  [1m[35m (7.5ms)[0m  [1m[35mCREATE TABLE "ar_internal_metadata" ("key" character varying NOT NULL PRIMARY KEY, "value" character varying, "created_at" timestamp NOT NULL, "updated_at" timestamp NOT NULL)[0m
  ↳ /home/shahriar/.rvm/rubies/ruby-2.6.0/lib/ruby/gems/2.6.0/gems/rake-12.3.2/lib/rake/task.rb:273
  [1m[35m (0.1ms)[0m  [1m[34mSELECT pg_try_advisory_lock(5182169178337108020)[0m
  ↳ /home/shahriar/.rvm/rubies/ruby-2.6.0/lib/ruby/gems/2.6.0/gems/rake-12.3.2/lib/rake/task.rb:273
  [1m[35m (0.2ms)[0m  [1m[34mSELECT "schema_migrations"."version" FROM "schema_migrations" ORDER BY "schema_migrations"."version" ASC[0m
  ↳ /home/shahriar/.rvm/rubies/ruby-2.6.0/lib/ruby/gems/2.6.0/gems/rake-12.3.2/lib/rake/task.rb:273
Migrating to CreateUsers (20190219185850)
  [1m[35m (0.1ms)[0m  [1m[35mBEGIN[0m
  ↳ /home/shahriar/.rvm/rubies/ruby-2.6.0/lib/ruby/gems/2.6.0/gems/rake-12.3.2/lib/rake/task.rb:273
  [1m[35m (7.1ms)[0m  [1m[35mCREATE TABLE "users" ("id" bigserial primary key, "username" character varying, "password_digest" character varying, "email" character varying, "name" character varying, "auth_token" character varying, "created_at" timestamp NOT NULL, "updated_at" timestamp NOT NULL)[0m
  ↳ db/migrate/20190219185850_create_users.rb:3
  [1m[36mActiveRecord::SchemaMigration Create (0.3ms)[0m  [1m[32mINSERT INTO "schema_migrations" ("version") VALUES ($1) RETURNING "version"[0m  [["version", "20190219185850"]]
  ↳ /home/shahriar/.rvm/rubies/ruby-2.6.0/lib/ruby/gems/2.6.0/gems/rake-12.3.2/lib/rake/task.rb:273
  [1m[35m (2.1ms)[0m  [1m[35mCOMMIT[0m
  ↳ /home/shahriar/.rvm/rubies/ruby-2.6.0/lib/ruby/gems/2.6.0/gems/rake-12.3.2/lib/rake/task.rb:273
  [1m[36mActiveRecord::InternalMetadata Load (0.2ms)[0m  [1m[34mSELECT  "ar_internal_metadata".* FROM "ar_internal_metadata" WHERE "ar_internal_metadata"."key" = $1 LIMIT $2[0m  [["key", "environment"], ["LIMIT", 1]]
  ↳ /home/shahriar/.rvm/rubies/ruby-2.6.0/lib/ruby/gems/2.6.0/gems/rake-12.3.2/lib/rake/task.rb:273
  [1m[35m (0.1ms)[0m  [1m[35mBEGIN[0m
  ↳ /home/shahriar/.rvm/rubies/ruby-2.6.0/lib/ruby/gems/2.6.0/gems/rake-12.3.2/lib/rake/task.rb:273
  [1m[36mActiveRecord::InternalMetadata Create (0.2ms)[0m  [1m[32mINSERT INTO "ar_internal_metadata" ("key", "value", "created_at", "updated_at") VALUES ($1, $2, $3, $4) RETURNING "key"[0m  [["key", "environment"], ["value", "development"], ["created_at", "2019-02-19 19:02:06.528510"], ["updated_at", "2019-02-19 19:02:06.528510"]]
  ↳ /home/shahriar/.rvm/rubies/ruby-2.6.0/lib/ruby/gems/2.6.0/gems/rake-12.3.2/lib/rake/task.rb:273
  [1m[35m (0.6ms)[0m  [1m[35mCOMMIT[0m
  ↳ /home/shahriar/.rvm/rubies/ruby-2.6.0/lib/ruby/gems/2.6.0/gems/rake-12.3.2/lib/rake/task.rb:273
  [1m[35m (0.1ms)[0m  [1m[34mSELECT pg_advisory_unlock(5182169178337108020)[0m
  ↳ /home/shahriar/.rvm/rubies/ruby-2.6.0/lib/ruby/gems/2.6.0/gems/rake-12.3.2/lib/rake/task.rb:273
  [1m[35m (0.1ms)[0m  [1m[34mSELECT "schema_migrations"."version" FROM "schema_migrations" ORDER BY "schema_migrations"."version" ASC[0m
  ↳ /home/shahriar/.rvm/rubies/ruby-2.6.0/lib/ruby/gems/2.6.0/gems/rake-12.3.2/lib/rake/task.rb:273
Started GET "/" for 127.0.0.1 at 2019-02-20 01:38:06 +0600
  [1m[35m (0.4ms)[0m  [1m[34mSELECT "schema_migrations"."version" FROM "schema_migrations" ORDER BY "schema_migrations"."version" ASC[0m
  ↳ /home/shahriar/.rvm/gems/ruby-2.6.0/gems/activerecord-5.2.2/lib/active_record/log_subscriber.rb:98
Processing by Rails::WelcomeController#index as HTML
  Rendering /home/shahriar/.rvm/gems/ruby-2.6.0/gems/railties-5.2.2/lib/rails/templates/rails/welcome/index.html.erb
  Rendered /home/shahriar/.rvm/gems/ruby-2.6.0/gems/railties-5.2.2/lib/rails/templates/rails/welcome/index.html.erb (1.3ms)
Completed 200 OK in 3ms (Views: 3.0ms | ActiveRecord: 0.0ms)


Started POST "/users" for 127.0.0.1 at 2019-02-20 01:40:33 +0600
  
NameError (undefined local variable or method `has_secure_passwordshould' for #<Class:0x00007fc2504e0fd8>
Did you mean?  has_secure_password):
  
app/models/user.rb:3:in `<class:User>'
app/models/user.rb:1:in `<main>'
Error occurred while parsing request parameters.
Contents:

{
	"user": {
		"username": "001test"
		"password": "test",
		"email": "test@test.com",
		"name": "test"
	}
}
Started POST "/users" for 127.0.0.1 at 2019-02-20 01:40:43 +0600
  
NameError (undefined local variable or method `has_secure_passwordshould' for #<Class:0x00007fc250602858>
Did you mean?  has_secure_password):
  
app/models/user.rb:3:in `<class:User>'
app/models/user.rb:1:in `<main>'
Error occurred while parsing request parameters.
Contents:

{
	"user": {
		"username": "001test"
		"password": "test",
		"email": "test@test.com",
		"name": "test"
	}
}
Started POST "/users" for 127.0.0.1 at 2019-02-20 01:41:09 +0600
  
NameError (undefined local variable or method `has_secure_passwordshould' for #<Class:0x00007fc25075e5a8>
Did you mean?  has_secure_password):
  
app/models/user.rb:3:in `<class:User>'
app/models/user.rb:1:in `<main>'
Started POST "/users" for 127.0.0.1 at 2019-02-20 01:41:57 +0600
  [1m[35m (0.3ms)[0m  [1m[34mSELECT "schema_migrations"."version" FROM "schema_migrations" ORDER BY "schema_migrations"."version" ASC[0m
  ↳ /home/shahriar/.rvm/gems/ruby-2.6.0/gems/activerecord-5.2.2/lib/active_record/log_subscriber.rb:98
  
NameError (undefined local variable or method `has_secure_passwordshould' for #<Class:0x00007f17b8856b38>
Did you mean?  has_secure_password):
  
app/models/user.rb:3:in `<class:User>'
app/models/user.rb:1:in `<main>'
Started POST "/users" for 127.0.0.1 at 2019-02-20 01:43:02 +0600
  [1m[35m (0.3ms)[0m  [1m[34mSELECT "schema_migrations"."version" FROM "schema_migrations" ORDER BY "schema_migrations"."version" ASC[0m
  ↳ /home/shahriar/.rvm/gems/ruby-2.6.0/gems/activerecord-5.2.2/lib/active_record/log_subscriber.rb:98
Processing by UsersController#create as */*
  Parameters: {"user"=>{"username"=>"001test", "password"=>"[FILTERED]", "email"=>"test@test.com", "name"=>"test"}}
  [1m[35m (0.1ms)[0m  [1m[35mBEGIN[0m
  ↳ app/controllers/users_controller.rb:5
  [1m[36mUser Exists (0.3ms)[0m  [1m[34mSELECT  1 AS one FROM "users" WHERE "users"."username" = $1 LIMIT $2[0m  [["username", "001test"], ["LIMIT", 1]]
  ↳ app/controllers/users_controller.rb:5
  [1m[36mUser Create (0.3ms)[0m  [1m[32mINSERT INTO "users" ("username", "password_digest", "email", "name", "auth_token", "created_at", "updated_at") VALUES ($1, $2, $3, $4, $5, $6, $7) RETURNING "id"[0m  [["username", "001test"], ["password_digest", "$2a$10$z3Imn2NtbPTdPhqwjehE7.dm1io5ops7Qk9IqjaMtG9co4oOfbEpq"], ["email", "test@test.com"], ["name", "test"], ["auth_token", "YFF8q2D4c5rfhKhA9dBa8Wqw"], ["created_at", "2019-02-19 19:43:02.337294"], ["updated_at", "2019-02-19 19:43:02.337294"]]
  ↳ app/controllers/users_controller.rb:5
  [1m[35m (0.8ms)[0m  [1m[35mCOMMIT[0m
  ↳ app/controllers/users_controller.rb:5
Completed 200 OK in 54ms (Views: 0.1ms | ActiveRecord: 3.7ms)


Started POST "/login" for 127.0.0.1 at 2019-02-20 01:44:01 +0600
Error occurred while parsing request parameters.
Contents:

{
	"username": "001test"
	"password": "test"
}
  
ActionDispatch::Http::Parameters::ParseError (767: unexpected token at '{
	"username": "001test"
	"password": "test"
}'):
  
actionpack (5.2.2) lib/action_dispatch/http/parameters.rb:117:in `rescue in parse_formatted_parameters'
actionpack (5.2.2) lib/action_dispatch/http/parameters.rb:111:in `parse_formatted_parameters'
actionpack (5.2.2) lib/action_dispatch/http/request.rb:381:in `block in POST'
rack (2.0.6) lib/rack/request.rb:59:in `fetch'
rack (2.0.6) lib/rack/request.rb:59:in `fetch_header'
actionpack (5.2.2) lib/action_dispatch/http/request.rb:380:in `POST'
actionpack (5.2.2) lib/action_dispatch/http/parameters.rb:55:in `parameters'
actionpack (5.2.2) lib/action_controller/metal/params_wrapper.rb:290:in `_wrapper_enabled?'
actionpack (5.2.2) lib/action_controller/metal/params_wrapper.rb:244:in `process_action'
activerecord (5.2.2) lib/active_record/railties/controller_runtime.rb:24:in `process_action'
actionpack (5.2.2) lib/abstract_controller/base.rb:134:in `process'
actionpack (5.2.2) lib/action_controller/metal.rb:191:in `dispatch'
actionpack (5.2.2) lib/action_controller/metal.rb:252:in `dispatch'
actionpack (5.2.2) lib/action_dispatch/routing/route_set.rb:52:in `dispatch'
actionpack (5.2.2) lib/action_dispatch/routing/route_set.rb:34:in `serve'
actionpack (5.2.2) lib/action_dispatch/journey/router.rb:52:in `block in serve'
actionpack (5.2.2) lib/action_dispatch/journey/router.rb:35:in `each'
actionpack (5.2.2) lib/action_dispatch/journey/router.rb:35:in `serve'
actionpack (5.2.2) lib/action_dispatch/routing/route_set.rb:840:in `call'
rack (2.0.6) lib/rack/etag.rb:25:in `call'
rack (2.0.6) lib/rack/conditional_get.rb:38:in `call'
rack (2.0.6) lib/rack/head.rb:12:in `call'
activerecord (5.2.2) lib/active_record/migration.rb:559:in `call'
actionpack (5.2.2) lib/action_dispatch/middleware/callbacks.rb:28:in `block in call'
activesupport (5.2.2) lib/active_support/callbacks.rb:98:in `run_callbacks'
actionpack (5.2.2) lib/action_dispatch/middleware/callbacks.rb:26:in `call'
actionpack (5.2.2) lib/action_dispatch/middleware/executor.rb:14:in `call'
actionpack (5.2.2) lib/action_dispatch/middleware/debug_exceptions.rb:61:in `call'
actionpack (5.2.2) lib/action_dispatch/middleware/show_exceptions.rb:33:in `call'
railties (5.2.2) lib/rails/rack/logger.rb:38:in `call_app'
railties (5.2.2) lib/rails/rack/logger.rb:26:in `block in call'
activesupport (5.2.2) lib/active_support/tagged_logging.rb:71:in `block in tagged'
activesupport (5.2.2) lib/active_support/tagged_logging.rb:28:in `tagged'
activesupport (5.2.2) lib/active_support/tagged_logging.rb:71:in `tagged'
railties (5.2.2) lib/rails/rack/logger.rb:26:in `call'
actionpack (5.2.2) lib/action_dispatch/middleware/remote_ip.rb:81:in `call'
actionpack (5.2.2) lib/action_dispatch/middleware/request_id.rb:27:in `call'
rack (2.0.6) lib/rack/runtime.rb:22:in `call'
activesupport (5.2.2) lib/active_support/cache/strategy/local_cache_middleware.rb:29:in `call'
actionpack (5.2.2) lib/action_dispatch/middleware/executor.rb:14:in `call'
actionpack (5.2.2) lib/action_dispatch/middleware/static.rb:127:in `call'
rack (2.0.6) lib/rack/sendfile.rb:111:in `call'
railties (5.2.2) lib/rails/engine.rb:524:in `call'
puma (3.12.0) lib/puma/configuration.rb:225:in `call'
puma (3.12.0) lib/puma/server.rb:658:in `handle_request'
puma (3.12.0) lib/puma/server.rb:472:in `process_client'
puma (3.12.0) lib/puma/server.rb:332:in `block in run'
puma (3.12.0) lib/puma/thread_pool.rb:133:in `block in spawn_thread'
Started POST "/login" for 127.0.0.1 at 2019-02-20 01:44:59 +0600
Error occurred while parsing request parameters.
Contents:

{
	"username": "001test"
	"password": "test"
}
  
ActionDispatch::Http::Parameters::ParseError (767: unexpected token at '{
	"username": "001test"
	"password": "test"
}'):
  
actionpack (5.2.2) lib/action_dispatch/http/parameters.rb:117:in `rescue in parse_formatted_parameters'
actionpack (5.2.2) lib/action_dispatch/http/parameters.rb:111:in `parse_formatted_parameters'
actionpack (5.2.2) lib/action_dispatch/http/request.rb:381:in `block in POST'
rack (2.0.6) lib/rack/request.rb:59:in `fetch'
rack (2.0.6) lib/rack/request.rb:59:in `fetch_header'
actionpack (5.2.2) lib/action_dispatch/http/request.rb:380:in `POST'
actionpack (5.2.2) lib/action_dispatch/http/parameters.rb:55:in `parameters'
actionpack (5.2.2) lib/action_controller/metal/params_wrapper.rb:290:in `_wrapper_enabled?'
actionpack (5.2.2) lib/action_controller/metal/params_wrapper.rb:244:in `process_action'
activerecord (5.2.2) lib/active_record/railties/controller_runtime.rb:24:in `process_action'
actionpack (5.2.2) lib/abstract_controller/base.rb:134:in `process'
actionpack (5.2.2) lib/action_controller/metal.rb:191:in `dispatch'
actionpack (5.2.2) lib/action_controller/metal.rb:252:in `dispatch'
actionpack (5.2.2) lib/action_dispatch/routing/route_set.rb:52:in `dispatch'
actionpack (5.2.2) lib/action_dispatch/routing/route_set.rb:34:in `serve'
actionpack (5.2.2) lib/action_dispatch/journey/router.rb:52:in `block in serve'
actionpack (5.2.2) lib/action_dispatch/journey/router.rb:35:in `each'
actionpack (5.2.2) lib/action_dispatch/journey/router.rb:35:in `serve'
actionpack (5.2.2) lib/action_dispatch/routing/route_set.rb:840:in `call'
rack (2.0.6) lib/rack/etag.rb:25:in `call'
rack (2.0.6) lib/rack/conditional_get.rb:38:in `call'
rack (2.0.6) lib/rack/head.rb:12:in `call'
activerecord (5.2.2) lib/active_record/migration.rb:559:in `call'
actionpack (5.2.2) lib/action_dispatch/middleware/callbacks.rb:28:in `block in call'
activesupport (5.2.2) lib/active_support/callbacks.rb:98:in `run_callbacks'
actionpack (5.2.2) lib/action_dispatch/middleware/callbacks.rb:26:in `call'
actionpack (5.2.2) lib/action_dispatch/middleware/executor.rb:14:in `call'
actionpack (5.2.2) lib/action_dispatch/middleware/debug_exceptions.rb:61:in `call'
actionpack (5.2.2) lib/action_dispatch/middleware/show_exceptions.rb:33:in `call'
railties (5.2.2) lib/rails/rack/logger.rb:38:in `call_app'
railties (5.2.2) lib/rails/rack/logger.rb:26:in `block in call'
activesupport (5.2.2) lib/active_support/tagged_logging.rb:71:in `block in tagged'
activesupport (5.2.2) lib/active_support/tagged_logging.rb:28:in `tagged'
activesupport (5.2.2) lib/active_support/tagged_logging.rb:71:in `tagged'
railties (5.2.2) lib/rails/rack/logger.rb:26:in `call'
actionpack (5.2.2) lib/action_dispatch/middleware/remote_ip.rb:81:in `call'
actionpack (5.2.2) lib/action_dispatch/middleware/request_id.rb:27:in `call'
rack (2.0.6) lib/rack/runtime.rb:22:in `call'
activesupport (5.2.2) lib/active_support/cache/strategy/local_cache_middleware.rb:29:in `call'
actionpack (5.2.2) lib/action_dispatch/middleware/executor.rb:14:in `call'
actionpack (5.2.2) lib/action_dispatch/middleware/static.rb:127:in `call'
rack (2.0.6) lib/rack/sendfile.rb:111:in `call'
railties (5.2.2) lib/rails/engine.rb:524:in `call'
puma (3.12.0) lib/puma/configuration.rb:225:in `call'
puma (3.12.0) lib/puma/server.rb:658:in `handle_request'
puma (3.12.0) lib/puma/server.rb:472:in `process_client'
puma (3.12.0) lib/puma/server.rb:332:in `block in run'
puma (3.12.0) lib/puma/thread_pool.rb:133:in `block in spawn_thread'
Started POST "/login" for 127.0.0.1 at 2019-02-20 01:46:25 +0600
  [1m[35m (0.3ms)[0m  [1m[34mSELECT "schema_migrations"."version" FROM "schema_migrations" ORDER BY "schema_migrations"."version" ASC[0m
  ↳ /home/shahriar/.rvm/gems/ruby-2.6.0/gems/activerecord-5.2.2/lib/active_record/log_subscriber.rb:98
Error occurred while parsing request parameters.
Contents:

{
	"username": "001test"
	"password": "test"
}
  
ActionDispatch::Http::Parameters::ParseError (767: unexpected token at '{
	"username": "001test"
	"password": "test"
}'):
  
actionpack (5.2.2) lib/action_dispatch/http/parameters.rb:117:in `rescue in parse_formatted_parameters'
actionpack (5.2.2) lib/action_dispatch/http/parameters.rb:111:in `parse_formatted_parameters'
actionpack (5.2.2) lib/action_dispatch/http/request.rb:381:in `block in POST'
rack (2.0.6) lib/rack/request.rb:59:in `fetch'
rack (2.0.6) lib/rack/request.rb:59:in `fetch_header'
actionpack (5.2.2) lib/action_dispatch/http/request.rb:380:in `POST'
actionpack (5.2.2) lib/action_dispatch/http/parameters.rb:55:in `parameters'
actionpack (5.2.2) lib/action_controller/metal/params_wrapper.rb:290:in `_wrapper_enabled?'
actionpack (5.2.2) lib/action_controller/metal/params_wrapper.rb:244:in `process_action'
activerecord (5.2.2) lib/active_record/railties/controller_runtime.rb:24:in `process_action'
actionpack (5.2.2) lib/abstract_controller/base.rb:134:in `process'
actionpack (5.2.2) lib/action_controller/metal.rb:191:in `dispatch'
actionpack (5.2.2) lib/action_controller/metal.rb:252:in `dispatch'
actionpack (5.2.2) lib/action_dispatch/routing/route_set.rb:52:in `dispatch'
actionpack (5.2.2) lib/action_dispatch/routing/route_set.rb:34:in `serve'
actionpack (5.2.2) lib/action_dispatch/journey/router.rb:52:in `block in serve'
actionpack (5.2.2) lib/action_dispatch/journey/router.rb:35:in `each'
actionpack (5.2.2) lib/action_dispatch/journey/router.rb:35:in `serve'
actionpack (5.2.2) lib/action_dispatch/routing/route_set.rb:840:in `call'
rack (2.0.6) lib/rack/etag.rb:25:in `call'
rack (2.0.6) lib/rack/conditional_get.rb:38:in `call'
rack (2.0.6) lib/rack/head.rb:12:in `call'
activerecord (5.2.2) lib/active_record/migration.rb:559:in `call'
actionpack (5.2.2) lib/action_dispatch/middleware/callbacks.rb:28:in `block in call'
activesupport (5.2.2) lib/active_support/callbacks.rb:98:in `run_callbacks'
actionpack (5.2.2) lib/action_dispatch/middleware/callbacks.rb:26:in `call'
actionpack (5.2.2) lib/action_dispatch/middleware/executor.rb:14:in `call'
actionpack (5.2.2) lib/action_dispatch/middleware/debug_exceptions.rb:61:in `call'
actionpack (5.2.2) lib/action_dispatch/middleware/show_exceptions.rb:33:in `call'
railties (5.2.2) lib/rails/rack/logger.rb:38:in `call_app'
railties (5.2.2) lib/rails/rack/logger.rb:26:in `block in call'
activesupport (5.2.2) lib/active_support/tagged_logging.rb:71:in `block in tagged'
activesupport (5.2.2) lib/active_support/tagged_logging.rb:28:in `tagged'
activesupport (5.2.2) lib/active_support/tagged_logging.rb:71:in `tagged'
railties (5.2.2) lib/rails/rack/logger.rb:26:in `call'
actionpack (5.2.2) lib/action_dispatch/middleware/remote_ip.rb:81:in `call'
actionpack (5.2.2) lib/action_dispatch/middleware/request_id.rb:27:in `call'
rack (2.0.6) lib/rack/runtime.rb:22:in `call'
activesupport (5.2.2) lib/active_support/cache/strategy/local_cache_middleware.rb:29:in `call'
actionpack (5.2.2) lib/action_dispatch/middleware/executor.rb:14:in `call'
actionpack (5.2.2) lib/action_dispatch/middleware/static.rb:127:in `call'
rack (2.0.6) lib/rack/sendfile.rb:111:in `call'
railties (5.2.2) lib/rails/engine.rb:524:in `call'
puma (3.12.0) lib/puma/configuration.rb:225:in `call'
puma (3.12.0) lib/puma/server.rb:658:in `handle_request'
puma (3.12.0) lib/puma/server.rb:472:in `process_client'
puma (3.12.0) lib/puma/server.rb:332:in `block in run'
puma (3.12.0) lib/puma/thread_pool.rb:133:in `block in spawn_thread'
Started POST "/login" for 127.0.0.1 at 2019-02-20 01:46:49 +0600
Processing by SessionsController#create as */*
  Parameters: {"username"=>"001test", "password"=>"[FILTERED]", "session"=>{"username"=>"001test", "password"=>"[FILTERED]"}}
  [1m[36mUser Load (0.2ms)[0m  [1m[34mSELECT  "users".* FROM "users" WHERE "users"."username" = $1 LIMIT $2[0m  [["username", "001test"], ["LIMIT", 1]]
  ↳ app/models/user.rb:11
  [1m[35m (0.1ms)[0m  [1m[35mBEGIN[0m
  ↳ app/controllers/sessions_controller.rb:20
  [1m[36mUser Exists (0.2ms)[0m  [1m[34mSELECT  1 AS one FROM "users" WHERE "users"."username" = $1 AND "users"."id" != $2 LIMIT $3[0m  [["username", "001test"], ["id", 1], ["LIMIT", 1]]
  ↳ app/controllers/sessions_controller.rb:20
  [1m[36mUser Update (0.2ms)[0m  [1m[33mUPDATE "users" SET "auth_token" = $1, "updated_at" = $2 WHERE "users"."id" = $3[0m  [["auth_token", "eEjMmHDvGawUyYV79McF2doS"], ["updated_at", "2019-02-19 19:46:49.224748"], ["id", 1]]
  ↳ app/controllers/sessions_controller.rb:20
  [1m[35m (1.6ms)[0m  [1m[35mCOMMIT[0m
  ↳ app/controllers/sessions_controller.rb:20
Completed 200 OK in 56ms (Views: 0.1ms | ActiveRecord: 4.3ms)


Started GET "/profile" for 127.0.0.1 at 2019-02-20 01:47:29 +0600
Processing by UsersController#profile as */*
  Parameters: {"username"=>"001test", "password"=>"[FILTERED]", "user"=>{"username"=>"001test"}}
Filter chain halted as :require_login rendered or redirected
Completed 401 Unauthorized in 0ms (Views: 0.1ms | ActiveRecord: 0.0ms)


Started GET "/profile" for 127.0.0.1 at 2019-02-20 01:47:42 +0600
Processing by UsersController#profile as */*
  Parameters: {"username"=>"001test", "password"=>"[FILTERED]", "user"=>{"username"=>"001test"}}
Filter chain halted as :require_login rendered or redirected
Completed 401 Unauthorized in 0ms (Views: 0.1ms | ActiveRecord: 0.0ms)


Started GET "/profile" for 127.0.0.1 at 2019-02-20 01:48:01 +0600
Processing by UsersController#profile as */*
  Parameters: {"username"=>"001test", "password"=>"[FILTERED]", "user"=>{"username"=>"001test"}}
  [1m[36mUser Load (0.1ms)[0m  [1m[34mSELECT  "users".* FROM "users" WHERE "users"."auth_token" = $1 LIMIT $2[0m  [["auth_token", "eEjMmHDvGawUyYV79McF2doS"], ["LIMIT", 1]]
  ↳ app/controllers/api_controller.rb:20
Completed 500 Internal Server Error in 57ms (ActiveRecord: 0.1ms)


  
NameError (undefined local variable or method `request_headers' for #<UsersController:0x00007f1d08009930>
Did you mean?  require_relative):
  
app/controllers/users_controller.rb:10:in `profile'
Started GET "/profile" for 127.0.0.1 at 2019-02-20 01:48:41 +0600
  [1m[35m (0.3ms)[0m  [1m[34mSELECT "schema_migrations"."version" FROM "schema_migrations" ORDER BY "schema_migrations"."version" ASC[0m
  ↳ /home/shahriar/.rvm/gems/ruby-2.6.0/gems/activerecord-5.2.2/lib/active_record/log_subscriber.rb:98
Processing by UsersController#profile as */*
  Parameters: {"username"=>"001test", "password"=>"[FILTERED]", "user"=>{"username"=>"001test"}}
  [1m[36mUser Load (0.5ms)[0m  [1m[34mSELECT  "users".* FROM "users" WHERE "users"."auth_token" = $1 LIMIT $2[0m  [["auth_token", "eEjMmHDvGawUyYV79McF2doS"], ["LIMIT", 1]]
  ↳ app/controllers/api_controller.rb:20
  [1m[36mCACHE User Load (0.0ms)[0m  [1m[34mSELECT  "users".* FROM "users" WHERE "users"."auth_token" = $1 LIMIT $2[0m  [["auth_token", "eEjMmHDvGawUyYV79McF2doS"], ["LIMIT", 1]]
  ↳ app/controllers/users_controller.rb:10
Completed 200 OK in 8ms (Views: 0.1ms | ActiveRecord: 3.3ms)


